<?xml version="1.0" encoding="UTF-8"?>
<!-- Generated by org.testng.reporters.JUnitReportReporter -->
<testsuite skipped="0" hostname="DESKTOP-CDSH04O" name="testcase.Test_URLS" tests="1" failures="1" timestamp="29 Mar 2021 06:54:48 GMT" time="217.156" errors="0">
  <testcase name="TestURLs" time="217.156" classname="testcase.Test_URLS">
    <failure type="java.lang.AssertionError" message="The following asserts failed:
	Electronics Menu Verifiaction Failed expected [Electronics Store: Buy Electronics products Online at Best Prices in India at Amazon.in] but found [Amazon.in Hot New Releases: The bestselling new and future releases in Electronics]">
      <![CDATA[java.lang.AssertionError: The following asserts failed:
Electronics Menu Verifiaction Failed expected [Electronics Store: Buy Electronics products Online at Best Prices in India at Amazon.in] but found [Amazon.in Hot New Releases: The bestselling new and future releases in Electronics]
at org.testng.asserts.SoftAssert.assertAll(SoftAssert.java:43)
at testcase.Test_URLS.TestURLs(Test_URLS.java:183)
at sun.reflect.NativeMethodAccessorImpl.invoke0(Native Method)
at sun.reflect.NativeMethodAccessorImpl.invoke(Unknown Source)
at sun.reflect.DelegatingMethodAccessorImpl.invoke(Unknown Source)
at java.lang.reflect.Method.invoke(Unknown Source)
at org.testng.internal.MethodInvocationHelper.invokeMethod(MethodInvocationHelper.java:124)
at org.testng.internal.Invoker.invokeMethod(Invoker.java:583)
at org.testng.internal.Invoker.invokeTestMethod(Invoker.java:719)
at org.testng.internal.TestMethodWithDataProviderMethodWorker.call(TestMethodWithDataProviderMethodWorker.java:71)
at org.testng.internal.TestMethodWithDataProviderMethodWorker.call(TestMethodWithDataProviderMethodWorker.java:14)
at java.util.concurrent.FutureTask.run(Unknown Source)
at java.util.concurrent.Executors$RunnableAdapter.call(Unknown Source)
at java.util.concurrent.FutureTask.run(Unknown Source)
at java.util.concurrent.ThreadPoolExecutor.runWorker(Unknown Source)
at java.util.concurrent.ThreadPoolExecutor$Worker.run(Unknown Source)
at java.lang.Thread.run(Unknown Source)
]]>
    </failure>
  </testcase> <!-- TestURLs -->
</testsuite> <!-- testcase.Test_URLS -->
