<?xml version="1.0" encoding="UTF-8"?>
<!-- Generated by org.testng.reporters.JUnitReportReporter -->
<testsuite hostname="DESKTOP-CDSH04O" failures="0" tests="1" name="testcase.Test_URLS" time="130.825" errors="0" timestamp="29 Mar 2021 06:00:55 GMT" skipped="0">
  <testcase classname="testcase.Test_URLS" name="TestURLs" time="130.825"/>
</testsuite> <!-- testcase.Test_URLS -->
